2024-11-18 14:57:15 - 日志系统初始化完成
2024-11-18 14:57:40 - 检测到 person，置信度: 0.89
2024-11-18 14:57:40 - 检测到 chair，置信度: 0.53
2024-11-18 14:57:40 - 检测到 chair，置信度: 0.42
2024-11-18 14:57:41 - 检测到 person，置信度: 0.81
2024-11-18 14:57:41 - 检测到 chair，置信度: 0.54
2024-11-18 14:57:41 - 检测到 chair，置信度: 0.45
2024-11-18 14:57:42 - 检测到 person，置信度: 0.80
2024-11-18 14:57:42 - 检测到 chair，置信度: 0.47
2024-11-18 14:57:42 - 检测到 chair，置信度: 0.35
2024-11-18 14:57:42 - 检测到 person，置信度: 0.87
2024-11-18 14:57:42 - 检测到 chair，置信度: 0.39
2024-11-18 14:57:42 - 检测到 chair，置信度: 0.36
2024-11-18 14:57:42 - 检测到 chair，置信度: 0.31
2024-11-18 14:57:42 - 检测到 person，置信度: 0.86
2024-11-18 14:57:42 - 检测到 chair，置信度: 0.44
2024-11-18 14:57:42 - 检测到 chair，置信度: 0.28
2024-11-18 14:57:42 - 检测到 person，置信度: 0.81
2024-11-18 14:57:42 - 检测到 chair，置信度: 0.39
2024-11-18 14:57:42 - 检测到 chair，置信度: 0.31
2024-11-18 14:57:42 - 检测到 chair，置信度: 0.29
2024-11-18 14:57:42 - 检测到 person，置信度: 0.79
2024-11-18 14:57:42 - 检测到 chair，置信度: 0.46
2024-11-18 14:57:43 - 检测到 person，置信度: 0.77
2024-11-18 14:57:43 - 检测到 chair，置信度: 0.39
2024-11-18 14:57:43 - 检测到 chair，置信度: 0.38
2024-11-18 14:57:43 - 检测到 person，置信度: 0.81
2024-11-18 14:57:43 - 检测到 chair，置信度: 0.44
2024-11-18 14:57:43 - 检测到 chair，置信度: 0.40
2024-11-18 14:57:43 - 检测到 person，置信度: 0.82
2024-11-18 14:57:43 - 检测到 chair，置信度: 0.39
2024-11-18 14:57:43 - 检测到 person，置信度: 0.81
2024-11-18 14:57:43 - 检测到 chair，置信度: 0.47
2024-11-18 14:57:43 - 检测到 chair，置信度: 0.35
2024-11-18 14:57:43 - 检测到 person，置信度: 0.81
2024-11-18 14:57:43 - 检测到 chair，置信度: 0.42
2024-11-18 14:57:44 - 检测到 person，置信度: 0.83
2024-11-18 14:57:44 - 检测到 chair，置信度: 0.52
2024-11-18 14:57:44 - 检测到 chair，置信度: 0.36
2024-11-18 14:57:44 - 检测到 person，置信度: 0.84
2024-11-18 14:57:44 - 检测到 chair，置信度: 0.49
2024-11-18 14:57:44 - 检测到 chair，置信度: 0.40
2024-11-18 14:57:44 - 检测到 person，置信度: 0.84
2024-11-18 14:57:44 - 检测到 chair，置信度: 0.47
2024-11-18 14:57:44 - 检测到 chair，置信度: 0.32
2024-11-18 14:57:44 - 检测到 person，置信度: 0.85
2024-11-18 14:57:44 - 检测到 chair，置信度: 0.50
2024-11-18 14:57:44 - 检测到 chair，置信度: 0.43
2024-11-18 14:57:44 - 检测到 person，置信度: 0.84
2024-11-18 14:57:44 - 检测到 chair，置信度: 0.53
2024-11-18 14:57:44 - 检测到 chair，置信度: 0.43
2024-11-18 14:57:45 - 检测到 person，置信度: 0.85
2024-11-18 14:57:45 - 检测到 chair，置信度: 0.52
2024-11-18 14:57:45 - 检测到 chair，置信度: 0.38
2024-11-18 14:57:45 - 检测到 person，置信度: 0.86
2024-11-18 14:57:45 - 检测到 chair，置信度: 0.56
2024-11-18 14:57:45 - 检测到 chair，置信度: 0.44
2024-11-18 14:57:45 - 检测到 person，置信度: 0.83
2024-11-18 14:57:45 - 检测到 chair，置信度: 0.48
2024-11-18 14:57:45 - 检测到 chair，置信度: 0.39
2024-11-18 14:57:45 - 检测到 person，置信度: 0.81
2024-11-18 14:57:45 - 检测到 chair，置信度: 0.52
2024-11-18 14:57:45 - 检测到 chair，置信度: 0.45
2024-11-18 14:57:45 - 检测到 person，置信度: 0.83
2024-11-18 14:57:45 - 检测到 chair，置信度: 0.53
2024-11-18 14:57:45 - 检测到 chair，置信度: 0.40
2024-11-18 14:57:46 - 检测到 person，置信度: 0.83
2024-11-18 14:57:46 - 检测到 chair，置信度: 0.55
2024-11-18 14:57:46 - 检测到 chair，置信度: 0.41
2024-11-18 14:57:46 - 检测到 person，置信度: 0.85
2024-11-18 14:57:46 - 检测到 chair，置信度: 0.46
2024-11-18 14:57:46 - 检测到 chair，置信度: 0.45
2024-11-18 14:57:47 - 检测到 person，置信度: 0.87
2024-11-18 14:57:47 - 检测到 chair，置信度: 0.47
2024-11-18 14:57:47 - 检测到 chair，置信度: 0.42
2024-11-18 14:57:47 - 检测到 person，置信度: 0.88
2024-11-18 14:57:47 - 检测到 chair，置信度: 0.46
2024-11-18 14:57:47 - 检测到 chair，置信度: 0.39
2024-11-18 14:57:47 - 检测到 person，置信度: 0.88
2024-11-18 14:57:47 - 检测到 chair，置信度: 0.44
2024-11-18 14:57:47 - 检测到 chair，置信度: 0.38
2024-11-18 14:57:48 - 检测到 person，置信度: 0.88
2024-11-18 14:57:48 - 检测到 chair，置信度: 0.52
2024-11-18 14:57:48 - 检测到 chair，置信度: 0.47
2024-11-18 14:57:48 - 检测到 person，置信度: 0.88
2024-11-18 14:57:48 - 检测到 chair，置信度: 0.52
2024-11-18 14:57:48 - 检测到 chair，置信度: 0.38
2024-11-18 14:57:48 - 检测到 person，置信度: 0.89
2024-11-18 14:57:48 - 检测到 chair，置信度: 0.48
2024-11-18 14:57:48 - 检测到 chair，置信度: 0.45
2024-11-18 14:57:48 - 检测到 person，置信度: 0.88
2024-11-18 14:57:48 - 检测到 chair，置信度: 0.56
2024-11-18 14:57:48 - 检测到 chair，置信度: 0.51
2024-11-18 14:57:48 - 检测到 person，置信度: 0.88
2024-11-18 14:57:48 - 检测到 chair，置信度: 0.51
2024-11-18 14:57:48 - 检测到 chair，置信度: 0.47
2024-11-18 14:57:49 - 检测到 person，置信度: 0.89
2024-11-18 14:57:49 - 检测到 chair，置信度: 0.47
2024-11-18 14:57:49 - 检测到 chair，置信度: 0.45
2024-11-18 14:57:49 - 检测到 person，置信度: 0.87
2024-11-18 14:57:49 - 检测到 chair，置信度: 0.53
2024-11-18 14:57:49 - 检测到 chair，置信度: 0.38
2024-11-18 14:57:49 - 检测到 person，置信度: 0.86
2024-11-18 14:57:49 - 检测到 chair，置信度: 0.56
2024-11-18 14:57:49 - 检测到 chair，置信度: 0.43
2024-11-18 14:57:49 - 检测到 person，置信度: 0.86
2024-11-18 14:57:49 - 检测到 chair，置信度: 0.55
2024-11-18 14:57:49 - 检测到 chair，置信度: 0.45
2024-11-18 14:57:49 - 检测到 person，置信度: 0.86
2024-11-18 14:57:49 - 检测到 chair，置信度: 0.50
2024-11-18 14:57:49 - 检测到 chair，置信度: 0.28
2024-11-18 14:57:49 - 检测到 person，置信度: 0.85
2024-11-18 14:57:49 - 检测到 chair，置信度: 0.48
2024-11-18 14:57:49 - 检测到 chair，置信度: 0.38
2024-11-18 14:57:50 - 检测到 person，置信度: 0.86
2024-11-18 14:57:50 - 检测到 chair，置信度: 0.47
2024-11-18 14:57:50 - 检测到 chair，置信度: 0.39
2024-11-18 14:57:50 - 检测到 person，置信度: 0.89
2024-11-18 14:57:50 - 检测到 chair，置信度: 0.46
2024-11-18 14:57:50 - 检测到 chair，置信度: 0.37
2024-11-18 14:57:50 - 检测到 person，置信度: 0.88
2024-11-18 14:57:50 - 检测到 chair，置信度: 0.41
2024-11-18 14:57:50 - 检测到 chair，置信度: 0.34
2024-11-18 14:57:50 - 检测到 person，置信度: 0.88
2024-11-18 14:57:50 - 检测到 chair，置信度: 0.47
2024-11-18 14:57:50 - 检测到 chair，置信度: 0.34
2024-11-18 14:58:00 - 检测到 person，置信度: 0.91
2024-11-18 14:58:00 - 检测到 cell phone，置信度: 0.26
2024-11-18 14:58:00 - 检测到 person，置信度: 0.92
2024-11-18 14:58:00 - 检测到 cell phone，置信度: 0.47
2024-11-18 14:58:01 - 检测到 person，置信度: 0.92
2024-11-18 14:58:01 - 检测到 cell phone，置信度: 0.31
2024-11-18 14:58:01 - 检测到 person，置信度: 0.92
2024-11-18 14:58:01 - 检测到 cell phone，置信度: 0.43
2024-11-18 14:58:02 - 检测到 person，置信度: 0.91
2024-11-18 14:58:02 - 检测到 cell phone，置信度: 0.43
2024-11-18 14:58:02 - 检测到 person，置信度: 0.92
2024-11-18 14:58:03 - 检测到 person，置信度: 0.91
2024-11-18 14:58:03 - 检测到 cell phone，置信度: 0.41
2024-11-18 14:58:03 - 检测到 person，置信度: 0.92
2024-11-18 14:58:03 - 检测到 person，置信度: 0.93
2024-11-18 14:58:03 - 检测到 person，置信度: 0.93
2024-11-18 14:58:03 - 检测到 cell phone，置信度: 0.33
2024-11-18 14:58:03 - 检测到 person，置信度: 0.93
2024-11-18 14:58:03 - 检测到 cell phone，置信度: 0.53
2024-11-18 14:58:03 - 检测到 person，置信度: 0.93
2024-11-18 14:58:03 - 检测到 cell phone，置信度: 0.57
2024-11-18 14:58:04 - 检测到 person，置信度: 0.93
2024-11-18 14:58:04 - 检测到 cell phone，置信度: 0.32
2024-11-18 14:58:04 - 检测到 person，置信度: 0.93
2024-11-18 14:58:04 - 检测到 cell phone，置信度: 0.33
2024-11-18 14:59:18 - 日志系统初始化完成
2024-11-18 14:59:51 - 检测到 person，置信度: 0.87
2024-11-18 14:59:54 - 检测到 person，置信度: 0.89
2024-11-18 14:59:54 - 检测到 person，置信度: 0.88
2024-11-18 14:59:54 - 检测到 cell phone，置信度: 0.43
2024-11-18 14:59:54 - 检测到 person，置信度: 0.88
2024-11-18 14:59:58 - 检测到 person，置信度: 0.89
2024-11-18 14:59:58 - 检测到 cell phone，置信度: 0.30
2024-11-18 14:59:58 - 检测到 person，置信度: 0.89
2024-11-18 14:59:58 - 检测到 cell phone，置信度: 0.29
2024-11-18 14:59:59 - 检测到 person，置信度: 0.89
2024-11-18 14:59:59 - 检测到 cell phone，置信度: 0.39
2024-11-18 15:00:01 - 检测到 person，置信度: 0.87
2024-11-18 15:00:01 - 检测到 cell phone，置信度: 0.34
2024-11-18 15:00:02 - 检测到 person，置信度: 0.79
2024-11-18 15:00:02 - 检测到 cell phone，置信度: 0.29
2024-11-18 15:00:02 - 检测到 person，置信度: 0.86
2024-11-18 15:00:02 - 检测到 cell phone，置信度: 0.28
2024-11-18 15:00:02 - 检测到 person，置信度: 0.87
2024-11-18 15:00:02 - 检测到 chair，置信度: 0.27
2024-11-18 15:00:02 - 检测到 cell phone，置信度: 0.26
2024-11-18 15:07:36 - 日志系统初始化完成
2024-11-18 15:11:43 - 日志系统初始化完成
2024-11-18 15:12:18 - 检测到 person，置信度: 0.87
2024-11-18 15:12:18 - 检测到 chair，置信度: 0.32
2024-11-18 15:12:19 - 检测到 person，置信度: 0.89
2024-11-18 15:12:19 - 检测到 chair，置信度: 0.27
2024-11-18 15:12:21 - 检测到 person，置信度: 0.90
2024-11-18 15:12:21 - 检测到 chair，置信度: 0.28
2024-11-18 15:12:22 - 检测到 person，置信度: 0.88
2024-11-18 15:12:22 - 检测到 chair，置信度: 0.30
2024-11-18 15:12:23 - 检测到 person，置信度: 0.87
2024-11-18 15:12:23 - 检测到 chair，置信度: 0.33
2024-11-18 15:12:23 - 检测到 person，置信度: 0.90
2024-11-18 15:12:27 - 检测到 person，置信度: 0.89
2024-11-18 15:12:52 - 检测到 person，置信度: 0.90
2024-11-18 15:12:52 - 检测到 chair，置信度: 0.29
2024-11-18 15:12:57 - 检测到 person，置信度: 0.90
2024-11-18 15:12:57 - 检测到 chair，置信度: 0.27
2024-11-18 15:13:02 - 检测到 person，置信度: 0.90
2024-11-18 15:18:46 - 日志系统初始化完成
2024-11-18 15:19:41 - 检测到 person，置信度: 0.89
2024-11-18 15:19:41 - 检测到 chair，置信度: 0.27
2024-11-18 15:19:44 - 检测到 person，置信度: 0.89
2024-11-18 15:19:44 - 检测到 chair，置信度: 0.27
2024-11-18 15:19:44 - 检测到 person，置信度: 0.90
2024-11-18 15:19:44 - 检测到 chair，置信度: 0.27
2024-11-18 15:19:44 - 检测到 person，置信度: 0.90
2024-11-18 15:19:44 - 检测到 person，置信度: 0.89
2024-11-18 15:19:44 - 检测到 chair，置信度: 0.32
2024-11-18 15:19:44 - 检测到 person，置信度: 0.90
2024-11-18 15:19:44 - 检测到 chair，置信度: 0.28
2024-11-18 15:19:44 - 检测到 person，置信度: 0.90
2024-11-18 15:19:44 - 检测到 chair，置信度: 0.28
2024-11-18 15:19:44 - 检测到 person，置信度: 0.90
2024-11-18 15:19:44 - 检测到 chair，置信度: 0.27
2024-11-18 15:19:44 - 检测到 person，置信度: 0.90
2024-11-18 15:19:44 - 检测到 chair，置信度: 0.29
2024-11-18 15:19:45 - 检测到 person，置信度: 0.90
2024-11-18 15:19:45 - 检测到 laptop，置信度: 0.31
2024-11-18 15:19:45 - 检测到 person，置信度: 0.90
2024-11-18 15:19:45 - 检测到 chair，置信度: 0.26
2024-11-18 15:19:45 - 检测到 person，置信度: 0.90
2024-11-18 15:19:45 - 检测到 chair，置信度: 0.32
2024-11-18 15:19:45 - 检测到 person，置信度: 0.90
2024-11-18 15:19:45 - 检测到 laptop，置信度: 0.33
2024-11-18 15:19:45 - 检测到 chair，置信度: 0.26
2024-11-18 15:19:45 - 检测到 person，置信度: 0.90
2024-11-18 15:19:45 - 检测到 chair，置信度: 0.27
2024-11-18 15:19:45 - 检测到 person，置信度: 0.90
2024-11-18 15:19:45 - 检测到 person，置信度: 0.89
2024-11-18 15:19:45 - 检测到 chair，置信度: 0.26
2024-11-18 15:19:45 - 检测到 person，置信度: 0.89
2024-11-18 15:19:46 - 检测到 person，置信度: 0.89
2024-11-18 15:19:46 - 检测到 chair，置信度: 0.28
2024-11-18 15:19:46 - 检测到 laptop，置信度: 0.26
2024-11-18 15:19:46 - 检测到 person，置信度: 0.90
2024-11-18 15:19:46 - 检测到 chair，置信度: 0.28
2024-11-18 15:19:46 - 检测到 person，置信度: 0.90
2024-11-18 15:19:46 - 检测到 person，置信度: 0.90
2024-11-18 15:19:46 - 检测到 chair，置信度: 0.29
2024-11-18 15:19:46 - 检测到 person，置信度: 0.90
2024-11-18 15:19:46 - 检测到 chair，置信度: 0.28
2024-11-18 15:19:46 - 检测到 person，置信度: 0.90
2024-11-18 15:19:46 - 检测到 person，置信度: 0.90
2024-11-18 15:19:46 - 检测到 chair，置信度: 0.28
2024-11-18 15:19:47 - 检测到 person，置信度: 0.89
2024-11-18 15:19:47 - 检测到 chair，置信度: 0.28
2024-11-18 15:19:47 - 检测到 person，置信度: 0.89
2024-11-18 15:19:47 - 检测到 person，置信度: 0.90
2024-11-18 15:19:47 - 检测到 chair，置信度: 0.28
2024-11-18 15:19:47 - 检测到 person，置信度: 0.90
2024-11-18 15:19:47 - 检测到 chair，置信度: 0.27
2024-11-18 15:19:47 - 检测到 person，置信度: 0.89
2024-11-18 15:19:47 - 检测到 chair，置信度: 0.28
2024-11-18 15:19:47 - 检测到 person，置信度: 0.90
2024-11-18 15:19:47 - 检测到 chair，置信度: 0.26
2024-11-18 15:19:47 - 检测到 person，置信度: 0.89
2024-11-18 15:19:47 - 检测到 chair，置信度: 0.27
2024-11-18 15:19:47 - 检测到 person，置信度: 0.90
2024-11-18 15:19:47 - 检测到 chair，置信度: 0.27
2024-11-18 15:19:48 - 检测到 person，置信度: 0.92
2024-11-18 15:19:48 - 检测到 chair，置信度: 0.32
2024-11-18 15:19:48 - 检测到 person，置信度: 0.92
2024-11-18 15:19:48 - 检测到 chair，置信度: 0.33
2024-11-18 15:19:50 - 检测到 person，置信度: 0.91
2024-11-18 15:19:50 - 检测到 person，置信度: 0.91
2024-11-18 15:19:50 - 检测到 chair，置信度: 0.26
2024-11-18 15:19:50 - 检测到 person，置信度: 0.91
2024-11-18 15:19:50 - 检测到 chair，置信度: 0.29
2024-11-18 15:19:50 - 检测到 person，置信度: 0.90
2024-11-18 15:19:50 - 检测到 chair，置信度: 0.30
2024-11-18 15:19:50 - 检测到 person，置信度: 0.91
2024-11-18 15:19:50 - 检测到 chair，置信度: 0.30
2024-11-18 15:19:50 - 检测到 person，置信度: 0.91
2024-11-18 15:19:50 - 检测到 chair，置信度: 0.29
2024-11-18 15:19:51 - 检测到 person，置信度: 0.90
2024-11-18 15:19:51 - 检测到 chair，置信度: 0.33
2024-11-18 15:19:51 - 检测到 person，置信度: 0.90
2024-11-18 15:19:51 - 检测到 chair，置信度: 0.29
2024-11-18 15:19:51 - 检测到 person，置信度: 0.91
2024-11-18 15:19:51 - 检测到 person，置信度: 0.90
2024-11-18 15:19:51 - 检测到 chair，置信度: 0.32
2024-11-18 15:19:51 - 检测到 person，置信度: 0.89
2024-11-18 15:19:51 - 检测到 laptop，置信度: 0.30
2024-11-18 15:19:51 - 检测到 person，置信度: 0.89
2024-11-18 15:19:51 - 检测到 laptop，置信度: 0.27
2024-11-18 15:19:51 - 检测到 chair，置信度: 0.27
2024-11-18 15:19:51 - 检测到 person，置信度: 0.89
2024-11-18 15:19:51 - 检测到 chair，置信度: 0.36
2024-11-18 15:19:52 - 检测到 person，置信度: 0.89
2024-11-18 15:19:52 - 检测到 laptop，置信度: 0.29
2024-11-18 15:19:52 - 检测到 chair，置信度: 0.27
2024-11-18 15:19:52 - 检测到 person，置信度: 0.90
2024-11-18 15:19:52 - 检测到 laptop，置信度: 0.44
2024-11-18 15:19:52 - 检测到 person，置信度: 0.90
2024-11-18 15:19:52 - 检测到 chair，置信度: 0.29
2024-11-18 15:19:52 - 检测到 person，置信度: 0.90
2024-11-18 15:19:52 - 检测到 chair，置信度: 0.34
2024-11-18 15:19:52 - 检测到 person，置信度: 0.89
2024-11-18 15:19:52 - 检测到 chair，置信度: 0.30
2024-11-18 15:19:52 - 检测到 person，置信度: 0.89
2024-11-18 15:19:52 - 检测到 chair，置信度: 0.26
2024-11-18 15:19:52 - 检测到 person，置信度: 0.90
2024-11-18 15:19:52 - 检测到 chair，置信度: 0.28
2024-11-18 15:19:52 - 检测到 person，置信度: 0.89
2024-11-18 15:19:52 - 检测到 chair，置信度: 0.31
2024-11-18 15:19:52 - 检测到 laptop，置信度: 0.27
2024-11-18 15:19:53 - 检测到 person，置信度: 0.90
2024-11-18 15:19:53 - 检测到 chair，置信度: 0.27
2024-11-18 15:19:55 - 检测到 person，置信度: 0.89
2024-11-18 15:19:55 - 检测到 chair，置信度: 0.30
2024-11-18 15:19:55 - 检测到 person，置信度: 0.89
2024-11-18 15:19:55 - 检测到 person，置信度: 0.89
2024-11-18 15:19:55 - 检测到 chair，置信度: 0.30
2024-11-18 15:19:55 - 检测到 person，置信度: 0.89
2024-11-18 15:19:55 - 检测到 person，置信度: 0.89
2024-11-18 15:19:55 - 检测到 chair，置信度: 0.27
2024-11-18 15:19:56 - 检测到 person，置信度: 0.89
2024-11-18 15:19:56 - 检测到 person，置信度: 0.89
2024-11-18 15:19:56 - 检测到 person，置信度: 0.90
2024-11-18 15:19:56 - 检测到 chair，置信度: 0.30
2024-11-18 15:19:56 - 检测到 person，置信度: 0.89
2024-11-18 15:19:56 - 检测到 chair，置信度: 0.26
2024-11-18 15:19:56 - 检测到 person，置信度: 0.88
2024-11-18 15:19:56 - 检测到 person，置信度: 0.89
2024-11-18 15:19:56 - 检测到 chair，置信度: 0.28
2024-11-18 15:19:56 - 检测到 person，置信度: 0.88
2024-11-18 15:19:56 - 检测到 chair，置信度: 0.29
2024-11-18 15:19:57 - 检测到 person，置信度: 0.88
2024-11-18 15:19:57 - 检测到 chair，置信度: 0.28
2024-11-18 15:19:57 - 检测到 person，置信度: 0.88
2024-11-18 15:19:57 - 检测到 chair，置信度: 0.27
2024-11-18 15:19:57 - 检测到 person，置信度: 0.89
2024-11-18 15:19:57 - 检测到 chair，置信度: 0.35
2024-11-18 15:19:57 - 检测到 person，置信度: 0.88
2024-11-18 15:19:57 - 检测到 person，置信度: 0.88
2024-11-18 15:19:57 - 检测到 laptop，置信度: 0.26
2024-11-18 15:19:57 - 检测到 person，置信度: 0.89
2024-11-18 15:19:57 - 检测到 chair，置信度: 0.28
2024-11-18 15:19:57 - 检测到 laptop，置信度: 0.26
2024-11-18 15:19:57 - 检测到 person，置信度: 0.88
2024-11-18 15:19:57 - 检测到 chair，置信度: 0.30
2024-11-18 15:19:58 - 检测到 person，置信度: 0.88
2024-11-18 15:19:58 - 检测到 chair，置信度: 0.30
2024-11-18 15:19:58 - 检测到 person，置信度: 0.88
2024-11-18 15:19:58 - 检测到 person，置信度: 0.87
2024-11-18 15:19:58 - 检测到 chair，置信度: 0.28
2024-11-18 15:20:00 - 检测到 person，置信度: 0.90
2024-11-18 15:20:00 - 检测到 laptop，置信度: 0.25
2024-11-18 15:20:00 - 检测到 person，置信度: 0.89
2024-11-18 15:20:00 - 检测到 chair，置信度: 0.28
2024-11-18 15:20:00 - 检测到 person，置信度: 0.88
2024-11-18 15:20:00 - 检测到 chair，置信度: 0.32
2024-11-18 15:20:00 - 检测到 person，置信度: 0.89
2024-11-18 15:20:01 - 检测到 person，置信度: 0.89
2024-11-18 15:20:01 - 检测到 chair，置信度: 0.25
2024-11-18 15:20:01 - 检测到 person，置信度: 0.89
2024-11-18 15:20:01 - 检测到 laptop，置信度: 0.27
2024-11-18 15:20:01 - 检测到 chair，置信度: 0.27
2024-11-18 15:20:01 - 检测到 person，置信度: 0.89
2024-11-18 15:20:01 - 检测到 chair，置信度: 0.30
2024-11-18 15:20:01 - 检测到 laptop，置信度: 0.26
2024-11-18 15:20:01 - 检测到 person，置信度: 0.88
2024-11-18 15:20:01 - 检测到 person，置信度: 0.89
2024-11-18 15:20:01 - 检测到 laptop，置信度: 0.27
2024-11-18 15:20:01 - 检测到 chair，置信度: 0.27
2024-11-18 15:20:01 - 检测到 person，置信度: 0.89
2024-11-18 15:20:01 - 检测到 chair，置信度: 0.25
2024-11-18 15:20:01 - 检测到 person，置信度: 0.89
2024-11-18 15:20:01 - 检测到 chair，置信度: 0.30
2024-11-18 15:20:02 - 检测到 person，置信度: 0.89
2024-11-18 15:20:02 - 检测到 chair，置信度: 0.31
2024-11-18 15:20:02 - 检测到 person，置信度: 0.89
2024-11-18 15:20:02 - 检测到 person，置信度: 0.89
2024-11-18 15:20:02 - 检测到 chair，置信度: 0.25
2024-11-18 15:20:02 - 检测到 person，置信度: 0.89
2024-11-18 15:20:02 - 检测到 laptop，置信度: 0.28
2024-11-18 15:20:02 - 检测到 person，置信度: 0.88
2024-11-18 15:20:02 - 检测到 chair，置信度: 0.25
2024-11-18 15:20:02 - 检测到 person，置信度: 0.89
2024-11-18 15:20:02 - 检测到 person，置信度: 0.88
2024-11-18 15:20:02 - 检测到 person，置信度: 0.89
2024-11-18 15:20:02 - 检测到 chair，置信度: 0.29
2024-11-18 15:20:03 - 检测到 person，置信度: 0.88
2024-11-18 15:20:03 - 检测到 chair，置信度: 0.29
2024-11-18 15:20:03 - 检测到 person，置信度: 0.89
2024-11-18 15:20:03 - 检测到 laptop，置信度: 0.31
2024-11-18 15:20:05 - 检测到 person，置信度: 0.90
2024-11-18 15:20:05 - 检测到 chair，置信度: 0.27
2024-11-18 15:20:05 - 检测到 person，置信度: 0.89
2024-11-18 15:20:05 - 检测到 chair，置信度: 0.26
2024-11-18 15:20:05 - 检测到 person，置信度: 0.89
2024-11-18 15:20:05 - 检测到 chair，置信度: 0.27
2024-11-18 15:20:05 - 检测到 person，置信度: 0.89
2024-11-18 15:20:05 - 检测到 chair，置信度: 0.28
2024-11-18 15:20:05 - 检测到 person，置信度: 0.90
2024-11-18 15:20:05 - 检测到 laptop，置信度: 0.34
2024-11-18 15:20:06 - 检测到 person，置信度: 0.89
2024-11-18 15:20:06 - 检测到 person，置信度: 0.89
2024-11-18 15:20:06 - 检测到 laptop，置信度: 0.32
2024-11-18 15:20:06 - 检测到 person，置信度: 0.90
2024-11-18 15:20:06 - 检测到 chair，置信度: 0.25
2024-11-18 15:20:06 - 检测到 person，置信度: 0.90
2024-11-18 15:20:06 - 检测到 chair，置信度: 0.30
2024-11-18 15:20:06 - 检测到 laptop，置信度: 0.26
2024-11-18 15:20:06 - 检测到 person，置信度: 0.89
2024-11-18 15:20:06 - 检测到 chair，置信度: 0.27
2024-11-18 15:20:06 - 检测到 person，置信度: 0.88
2024-11-18 15:20:07 - 检测到 person，置信度: 0.88
2024-11-18 15:20:07 - 检测到 laptop，置信度: 0.31
2024-11-18 15:20:07 - 检测到 person，置信度: 0.89
2024-11-18 15:20:07 - 检测到 chair，置信度: 0.26
2024-11-18 15:20:07 - 检测到 person，置信度: 0.89
2024-11-18 15:20:07 - 检测到 laptop，置信度: 0.34
2024-11-18 15:20:07 - 检测到 chair，置信度: 0.28
2024-11-18 15:20:07 - 检测到 person，置信度: 0.89
2024-11-18 15:20:07 - 检测到 person，置信度: 0.88
2024-11-18 15:20:07 - 检测到 laptop，置信度: 0.26
2024-11-18 15:20:07 - 检测到 person，置信度: 0.88
2024-11-18 15:20:07 - 检测到 chair，置信度: 0.28
2024-11-18 15:20:07 - 检测到 person，置信度: 0.89
2024-11-18 15:20:07 - 检测到 laptop，置信度: 0.37
2024-11-18 15:20:07 - 检测到 chair，置信度: 0.29
2024-11-18 15:20:07 - 检测到 person，置信度: 0.88
2024-11-18 15:20:08 - 检测到 person，置信度: 0.89
2024-11-18 15:20:08 - 检测到 laptop，置信度: 0.35
2024-11-18 15:20:08 - 检测到 chair，置信度: 0.25
2024-11-18 15:20:08 - 检测到 person，置信度: 0.89
2024-11-18 15:20:08 - 检测到 laptop，置信度: 0.26
2024-11-18 15:20:18 - 检测到 person，置信度: 0.89
2024-11-18 15:20:18 - 检测到 chair，置信度: 0.27
2024-11-18 15:20:20 - 检测到 person，置信度: 0.89
2024-11-18 15:20:20 - 检测到 laptop，置信度: 0.33
2024-11-18 15:20:20 - 检测到 person，置信度: 0.88
2024-11-18 15:20:20 - 检测到 chair，置信度: 0.28
2024-11-18 15:20:20 - 检测到 laptop，置信度: 0.25
2024-11-18 15:20:20 - 检测到 person，置信度: 0.87
2024-11-18 15:20:20 - 检测到 chair，置信度: 0.27
2024-11-18 15:20:21 - 检测到 person，置信度: 0.88
2024-11-18 15:20:21 - 检测到 person，置信度: 0.88
2024-11-18 15:20:21 - 检测到 laptop，置信度: 0.35
2024-11-18 15:20:21 - 检测到 person，置信度: 0.89
2024-11-18 15:20:21 - 检测到 laptop，置信度: 0.26
2024-11-18 15:20:21 - 检测到 person，置信度: 0.88
2024-11-18 15:20:21 - 检测到 person，置信度: 0.87
2024-11-18 15:20:21 - 检测到 laptop，置信度: 0.36
2024-11-18 15:20:21 - 检测到 person，置信度: 0.88
2024-11-18 15:20:21 - 检测到 chair，置信度: 0.26
2024-11-18 15:20:21 - 检测到 laptop，置信度: 0.26
2024-11-18 15:20:21 - 检测到 person，置信度: 0.88
2024-11-18 15:20:21 - 检测到 laptop，置信度: 0.33
2024-11-18 15:20:21 - 检测到 person，置信度: 0.88
2024-11-18 15:20:21 - 检测到 chair，置信度: 0.29
2024-11-18 15:20:22 - 检测到 person，置信度: 0.89
2024-11-18 15:20:22 - 检测到 chair，置信度: 0.25
2024-11-18 15:20:22 - 检测到 person，置信度: 0.88
2024-11-18 15:20:22 - 检测到 chair，置信度: 0.29
2024-11-18 15:20:22 - 检测到 laptop，置信度: 0.28
2024-11-18 15:20:22 - 检测到 person，置信度: 0.89
2024-11-18 15:20:22 - 检测到 chair，置信度: 0.29
2024-11-18 15:20:22 - 检测到 person，置信度: 0.89
2024-11-18 15:20:22 - 检测到 chair，置信度: 0.29
2024-11-18 15:20:22 - 检测到 person，置信度: 0.87
2024-11-18 15:20:22 - 检测到 chair，置信度: 0.28
2024-11-18 15:20:22 - 检测到 person，置信度: 0.88
2024-11-18 15:20:22 - 检测到 person，置信度: 0.89
2024-11-18 15:20:22 - 检测到 chair，置信度: 0.26
2024-11-18 15:20:22 - 检测到 person，置信度: 0.88
2024-11-18 15:20:22 - 检测到 chair，置信度: 0.30
2024-11-18 15:20:23 - 检测到 person，置信度: 0.89
2024-11-18 15:20:23 - 检测到 person，置信度: 0.88
2024-11-18 15:20:25 - 检测到 person，置信度: 0.95
2024-11-18 15:20:25 - 检测到 chair，置信度: 0.30
2024-11-18 15:20:25 - 检测到 person，置信度: 0.94
2024-11-18 15:20:25 - 检测到 chair，置信度: 0.31
2024-11-18 15:20:25 - 检测到 person，置信度: 0.93
2024-11-18 15:20:25 - 检测到 chair，置信度: 0.34
2024-11-18 15:20:25 - 检测到 person，置信度: 0.92
2024-11-18 15:20:25 - 检测到 chair，置信度: 0.26
2024-11-18 15:20:25 - 检测到 person，置信度: 0.92
2024-11-18 15:20:25 - 检测到 chair，置信度: 0.26
2024-11-18 15:20:25 - 检测到 person，置信度: 0.93
2024-11-18 15:20:25 - 检测到 laptop，置信度: 0.29
2024-11-18 15:20:25 - 检测到 chair，置信度: 0.26
2024-11-18 15:20:25 - 检测到 person，置信度: 0.89
2024-11-18 15:20:25 - 检测到 chair，置信度: 0.31
2024-11-18 15:20:26 - 检测到 person，置信度: 0.85
2024-11-18 15:20:26 - 检测到 chair，置信度: 0.36
2024-11-18 15:20:26 - 检测到 person，置信度: 0.85
2024-11-18 15:20:26 - 检测到 chair，置信度: 0.36
2024-11-18 15:20:26 - 检测到 person，置信度: 0.86
2024-11-18 15:20:26 - 检测到 laptop，置信度: 0.28
2024-11-18 15:20:26 - 检测到 chair，置信度: 0.26
2024-11-18 15:20:26 - 检测到 person，置信度: 0.93
2024-11-18 15:20:26 - 检测到 person，置信度: 0.93
2024-11-18 15:20:26 - 检测到 laptop，置信度: 0.33
2024-11-18 15:20:26 - 检测到 person，置信度: 0.93
2024-11-18 15:20:26 - 检测到 person，置信度: 0.93
2024-11-18 15:20:26 - 检测到 chair，置信度: 0.27
2024-11-18 15:20:26 - 检测到 person，置信度: 0.94
2024-11-18 15:20:27 - 检测到 person，置信度: 0.93
2024-11-18 15:20:27 - 检测到 laptop，置信度: 0.27
2024-11-18 15:20:27 - 检测到 person，置信度: 0.92
2024-11-18 15:20:27 - 检测到 chair，置信度: 0.33
2024-11-18 15:20:27 - 检测到 person，置信度: 0.93
2024-11-18 15:20:27 - 检测到 chair，置信度: 0.28
2024-11-18 15:20:27 - 检测到 person，置信度: 0.94
2024-11-18 15:20:27 - 检测到 chair，置信度: 0.34
2024-11-18 15:20:27 - 检测到 person，置信度: 0.94
2024-11-18 15:20:27 - 检测到 chair，置信度: 0.32
2024-11-18 15:20:27 - 检测到 person，置信度: 0.93
2024-11-18 15:20:27 - 检测到 laptop，置信度: 0.34
2024-11-18 15:20:27 - 检测到 chair，置信度: 0.34
2024-11-18 15:20:27 - 检测到 person，置信度: 0.93
2024-11-18 15:20:27 - 检测到 chair，置信度: 0.34
2024-11-18 15:20:28 - 检测到 person，置信度: 0.92
2024-11-18 15:20:28 - 检测到 chair，置信度: 0.32
2024-11-18 15:20:28 - 检测到 person，置信度: 0.92
2024-11-18 15:20:28 - 检测到 chair，置信度: 0.31
2024-11-18 15:20:30 - 检测到 person，置信度: 0.93
2024-11-18 15:20:30 - 检测到 person，置信度: 0.93
2024-11-18 15:20:30 - 检测到 person，置信度: 0.93
2024-11-18 15:20:30 - 检测到 chair，置信度: 0.25
2024-11-18 15:20:30 - 检测到 person，置信度: 0.94
2024-11-18 15:20:30 - 检测到 laptop，置信度: 0.27
2024-11-18 15:20:30 - 检测到 person，置信度: 0.93
2024-11-18 15:20:30 - 检测到 person，置信度: 0.93
2024-11-18 15:20:31 - 检测到 person，置信度: 0.93
2024-11-18 15:20:31 - 检测到 person，置信度: 0.93
2024-11-18 15:20:31 - 检测到 laptop，置信度: 0.36
2024-11-18 15:20:31 - 检测到 chair，置信度: 0.26
2024-11-18 15:20:31 - 检测到 person，置信度: 0.93
2024-11-18 15:20:31 - 检测到 chair，置信度: 0.27
2024-11-18 15:20:31 - 检测到 person，置信度: 0.93
2024-11-18 15:20:31 - 检测到 person，置信度: 0.93
2024-11-18 15:20:31 - 检测到 chair，置信度: 0.28
2024-11-18 15:20:31 - 检测到 laptop，置信度: 0.27
2024-11-18 15:20:31 - 检测到 person，置信度: 0.92
2024-11-18 15:20:31 - 检测到 chair，置信度: 0.29
